<?xml version="1.0" encoding="utf-8"?><testsuites name="pytest tests"><testsuite name="pytest" errors="0" failures="0" skipped="0" tests="20" time="1.944" timestamp="2026-05-02T20:43:22.844065+00:00" hostname="agent-env-1c95fb85-a03a-4fd4-9e75-7cba5e52822c"><testcase classname="backend.tests.test_digital_liberia" name="test_health" time="0.292" /><testcase classname="backend.tests.test_digital_liberia" name="test_list_services" time="0.048" /><testcase classname="backend.tests.test_digital_liberia" name="test_service_detail[digital-economy]" time="0.054" /><testcase classname="backend.tests.test_digital_liberia" name="test_service_detail[digital-markets]" time="0.049" /><testcase classname="backend.tests.test_digital_liberia" name="test_service_detail[business-sme]" time="0.053" /><testcase classname="backend.tests.test_digital_liberia" name="test_service_detail[banking-fintech]" time="0.049" /><testcase classname="backend.tests.test_digital_liberia" name="test_service_detail[national-digital-id]" time="0.046" /><testcase classname="backend.tests.test_digital_liberia" name="test_service_detail[e-government]" time="0.045" /><testcase classname="backend.tests.test_digital_liberia" name="test_service_detail_404" time="0.045" /><testcase classname="backend.tests.test_digital_liberia" name="test_list_initiatives" time="0.046" /><testcase classname="backend.tests.test_digital_liberia" name="test_filter_by_sector" time="0.047" /><testcase classname="backend.tests.test_digital_liberia" name="test_filter_by_status" time="0.045" /><testcase classname="backend.tests.test_digital_liberia" name="test_filter_by_pillar" time="0.045" /><testcase classname="backend.tests.test_digital_liberia" name="test_stats" time="0.051" /><testcase classname="backend.tests.test_digital_liberia" name="test_contact_create_and_persist" time="0.391" /><testcase classname="backend.tests.test_digital_liberia" name="test_contact_invalid_email" time="0.053" /><testcase classname="backend.tests.test_digital_liberia" name="test_contact_short_message" time="0.046" /><testcase classname="backend.tests.test_digital_liberia" name="test_contact_short_name" time="0.045" /><testcase classname="backend.tests.test_digital_liberia" name="test_newsletter_subscribe_and_idempotent" time="0.363" /><testcase classname="backend.tests.test_digital_liberia" name="test_newsletter_invalid_email" time="0.045" /></testsuite></testsuites>